********************************
*                              *
*  symfony requirements check  *
*                              *
********************************

php.ini used by PHP: /usr/local/php/5.2.13/lib/php.ini

** WARNING **
*  The PHP CLI can use a different php.ini file
*  than the one used with your web server.
*  If this is the case, please launch this
*  utility from your web server.
** WARNING **

** Mandatory requirements **

  OK        PHP version is at least 5.2.4 (5.2.13)

** Optional checks **

  OK        PDO is installed
  OK        PDO has some drivers installed: mysql, sqlite, sqlite2
  OK        PHP-XML module is installed
  OK        XSL module is installed
  OK        The token_get_all() function is available
  OK        The mb_strlen() function is available
  OK        The iconv() function is available
  OK        The utf8_decode() is available
  OK        The posix_isatty() is available
[[WARNING]] A PHP accelerator is installed: FAILED
            *** Install a PHP accelerator like APC (highly recommended) ***
[[WARNING]] php.ini has short_open_tag set to off: FAILED
            *** Set it to off in php.ini ***
[[WARNING]] php.ini has magic_quotes_gpc set to off: FAILED
            *** Set it to off in php.ini ***
  OK        php.ini has register_globals set to off
  OK        php.ini has session.auto_start set to off
  OK        PHP version is not 5.2.9
